9/work
bleach @ file:///opt/conda/conda-bld/bleach_1641577558959/work
bokeh @ file:///tmp/abs_34854e1f-d7d3-4f22-85d9-1075588e4ecdga64o0qg/croots/recipe/bokeh_1658136654619/work
boto3 @ file:///tmp/abs_ae3c72db-af47-4298-baea-7270430e2c96scbpg1_h/croots/recipe/boto3_1657820109150/work
botocore @ file:///opt/conda/conda-bld/botocore_1657739486257/work
Bottleneck @ file:///opt/conda/conda-bld/bottleneck_1657175564434/work
brotlipy==0.7.0
Cartopy @ file:///home/conda/feedstock_root/build_artifacts/cartopy_1646828066549/work
certifi @ file:///opt/conda/conda-bld/certifi_1663615672595/work/certifi
cf-units @ file:///home/conda/feedstock_root/build_artifacts/cf-units_1640986245748/work
cffi @ file:///tmp/abs_98z5h56wf8/croots/recipe/cffi_1659598650955/work
cftime @ file:///home/conda/feedstock_root/build_artifacts/cftime_1636280862161/work
chardet @ file:///tmp/build/80754af9/chardet_1607706775000/work
charset-normalizer @ file:///tmp/build/80754af9/charset-normalizer_1630003229654/work
click @ file:///tmp/build/80754af9/click_1646056590078/work
cloudpickle @ file:///tmp/build/80754af9/cloudpickle_1632508026186/work
clyent==1.2.2
cmake==3.26.3
colorama @ file:///opt/conda/conda-bld/colorama_1657009087971/work
colorcet @ file:///tmp/build/80754af9/colorcet_1651851439427/work
conda==23.1.0
conda-build==3.22.0
conda-content-trust @ file:///tmp/abs_5952f1c8-355c-4855-ad2e-538535021ba5h26t22e5/croots/recipe/conda-content-trust_1658126371814/work
conda-pack @ file:///tmp/build/80754af9/conda-pack_1611163042455/work
conda-package-handling @ file:///opt/conda/conda-bld/conda-package-handling_1663598473529/work
conda-repo-cli==1.0.20
conda-token @ file:///Users/paulyim/miniconda3/envs/c3i/conda-bld/conda-token_1662660369760/work
conda-verify==3.4.2
constantly==15.1.0
cookiecutter @ file:///opt/conda/conda-bld/cookiecutter_1649151442564/work
cryptography @ file:///tmp/build/80754af9/cryptography_1652101588893/work
cssselect==1.1.0
cycler @ file:///tmp/build/80754af9/cycler_1637851556182/work
Cython @ file:///opt/conda/conda-bld/cython_1663692770955/work
cytoolz==0.11.0
daal4py==2021.6.0
dask @ file:///tmp/abs_994957d9-ec12-411f-b953-c010f9d489d10hj3gz4k/croots/recipe/dask-core_1658513209934/work
datashader @ file:///tmp/abs_aa58dfo4_s/croots/recipe/datashader_1659349033064/work
datashape==0.5.4
debugpy @ file:///tmp/build/80754af9/debugpy_1637091799509/work
decorator @ file:///opt/conda/conda-bld/decorator_1643638310831/work
defusedxml @ file:///tmp/build/80754af9/defusedxml_1615228127516/work
diff-match-patch @ file:///Users/ktietz/demo/mc3/conda-bld/diff-match-patch_1630511840874/work
dill @ file:///tmp/build/80754af9/dill_1623919422540/work
distributed @ file:///tmp/abs_593da390-bd12-4acc-ba49-4c9993cbe8abgqg_w3rb/croots/recipe/distributed_1658520746481/work
docutils @ file:///opt/conda/conda-bld/docutils_1657175430858/work
entrypoints @ file:///tmp/build/80754af9/entrypoints_1649926439650/work
et-xmlfile==1.1.0
fastjsonschema @ file:///opt/conda/conda-bld/python-fastjsonschema_1661371079312/work
filelock @ file:///opt/conda/conda-bld/filelock_1647002191454/work
flake8 @ file:///opt/conda/conda-bld/flake8_1648129545443/work
Flask @ file:///home/ktietz/src/ci/flask_1611932660458/work
fonttools==4.25.0
fsspec @ file:///opt/conda/conda-bld/fsspec_1659972197723/work
future @ file:///tmp/build/80754af9/future_1607571303524/work
gensim @ file:///tmp/build/80754af9/gensim_1646806807927/work
glob2 @ file:///home/linux1/recipes/ci/glob2_1610991677669/work
gmpy2 @ file:///tmp/build/80754af9/gmpy2_1645438755360/work
greenlet @ file:///tmp/build/80754af9/greenlet_1628888132713/work
h5py @ file:///tmp/abs_4aewd3wzey/croots/recipe/h5py_1659091371897/work
HeapDict @ file:///Users/ktietz/demo/mc3/conda-bld/heapdict_1630598515714/work
holoviews @ file:///tmp/abs_eecc808c-455e-4be4-9911-ecf8341b3a34jfwskiqe/croots/recipe/holoviews_1658171506757/work
hvplot @ file:///tmp/abs_6fcys5jcv1/croots/recipe/hvplot_1659026496554/work
hyperlink @ file:///tmp/build/80754af9/hyperlink_1610130746837/work
idna @ file:///tmp/build/80754af9/idna_1637925883363/work
imagecodecs @ file:///opt/conda/conda-bld/imagecodecs_1664561985385/work
imageio @ file:///tmp/abs_cd920173-f360-47c5-97b0-bf4d1076d5d4dvic0oys/croots/recipe/imageio_1658785036907/work
imagesize @ file:///opt/conda/conda-bld/imagesize_1657179498843/work
importlib-metadata @ file:///tmp/build/80754af9/importlib-metadata_1648544546694/work
incremental @ file:///tmp/build/80754af9/incremental_1636629750599/work
inflection==0.5.1
iniconfig @ file:///home/linux1/recipes/ci/iniconfig_1610983019677/work
intake @ file:///opt/conda/conda-bld/intake_1647436631684/work
intervaltree @ file:///Users/ktietz/demo/mc3/conda-bld/intervaltree_1630511889664/work
ipykernel @ file:///opt/conda/conda-bld/ipykernel_1662361798230/work
ipython @ file:///tmp/abs_94gruux8u8/croots/recipe/ipython_1659529858706/work
ipython-genutils @ file:///tmp/build/80754af9/ipython_genutils_1606773439826/work
ipywidgets @ file:///tmp/build/80754af9/ipywidgets_1634143127070/work
iris-sample-data @ file:///home/conda/feedstock_root/build_artifacts/iris-sample-data_1631889273712/work
isort @ file:///tmp/build/80754af9/isort_1628603791788/work
itemadapter @ file:///tmp/build/80754af9/itemadapter_1626442940632/work
itemloaders @ file:///opt/conda/conda-bld/itemloaders_1646805235997/work
itsdangerous @ file:///tmp/build/80754af9/itsdangerous_1621432558163/work
jdcal @ file:///Users/ktietz/demo/mc3/conda-bld/jdcal_1630584345063/work
jedi @ file:///tmp/build/80754af9/jedi_1644297102865/work
jeepney @ file:///tmp/build/80754af9/jeepney_1627537048313/work
jellyfish @ file:///tmp/build/80754af9/jellyfish_1647944426575/work
Jinja2 @ file:///tmp/build/80754af9/jinja2_1612213139570/work
jinja2-time @ file:///opt/conda/conda-bld/jinja2-time_1649251842261/work
jmespath @ file:///Users/ktietz/demo/mc3/conda-bld/jmespath_1630583964805/work
joblib @ file:///tmp/build/80754af9/joblib_1635411271373/work
json5 @ file:///tmp/build/80754af9/json5_1624432770122/work
jsonschema @ file:///opt/conda/conda-bld/jsonschema_1663375472438/work
jupyter @ file:///tmp/abs_33h4eoipez/croots/recipe/jupyter_1659349046347/work
jupyter-console @ file:///opt/conda/conda-bld/jupyter_console_1647002188872/work
jupyter-server @ file:///tmp/abs_b88b31b8-83b9-476d-a46d-e563c421f38fvsnyi1ur/croots/recipe/jupyter_server_1658754481507/work
jupyter_client @ file:///opt/conda/conda-bld/jupyter_client_1661848916004/work
jupyter_core @ file:///opt/conda/conda-bld/jupyter_core_1664917302524/work
jupyterlab @ file:///tmp/abs_12f3h01vmy/croots/recipe/jupyterlab_1658907535764/work
jupyterlab-pygments @ file:///tmp/build/80754af9/jupyterlab_pygments_1601490720602/work
jupyterlab-server @ file:///opt/conda/conda-bld/jupyterlab_server_1644500396812/work
jupyterlab-widgets @ file:///tmp/build/80754af9/jupyterlab_widgets_1609884341231/work
keyring @ file:///tmp/build/80754af9/keyring_1638531355686/work
kiwisolver @ file:///opt/conda/conda-bld/kiwisolver_1653292039266/work
lazy-object-proxy @ file:///tmp/build/80754af9/lazy-object-proxy_1616529027849/work
libarchive-c @ file:///tmp/build/80754af9/python-libarchive-c_1617780486945/work
lit==16.0.2
llvmlite==0.38.0
locket @ file:///opt/conda/conda-bld/locket_1652903118915/work
lxml @ file:///opt/conda/conda-bld/lxml_1657545139709/work
lz4 @ file:///tmp/build/80754af9/lz4_1619516502891/work
Markdown @ file:///tmp/build/80754af9/markdown_1614363852612/work
MarkupSafe @ file:///tmp/build/80754af9/markupsafe_1621523467000/work
matplotlib @ file:///opt/conda/conda-bld/matplotlib-suite_1660167928326/work
matplotlib-inline @ file:///opt/conda/conda-bld/matplotlib-inline_1662014470464/work
mccabe @ file:///opt/conda/conda-bld/mccabe_1644221741721/work
mistune @ file:///tmp/build/80754af9/mistune_1607364877025/work
mkl-fft==1.3.1
mkl-random @ file:///tmp/build/80754af9/mkl_random_1626186066731/work
mkl-service==2.4.0
mock @ file:///tmp/build/80754af9/mock_1607622725907/work
mpmath==1.2.1
msgpack @ file:///opt/conda/conda-bld/msgpack-python_1652362659880/work
multipledispatch @ file:///tmp/build/80754af9/multipledispatch_1607574243360/work
munkres==1.1.4
mypy-extensions==0.4.3
navigator-updater==0.3.0
nbclassic @ file:///opt/conda/conda-bld/nbclassic_1644943264176/work
nbclient @ file:///tmp/build/80754af9/nbclient_1650290509967/work
nbconvert @ file:///opt/conda/conda-bld/nbconvert_1649751911790/work
nbformat @ file:///opt/conda/conda-bld/nbformat_1663744952973/work
nest-asyncio @ file:///tmp/build/80754af9/nest-asyncio_1649847906199/work
netCDF4 @ file:///home/conda/feedstock_root/build_artifacts/netcdf4_1630448012767/work
networkx @ file:///opt/conda/conda-bld/networkx_1657784097507/work
nltk @ file:///opt/conda/conda-bld/nltk_1645628263994/work
nose @ file:///opt/conda/conda-bld/nose_1642704612149/work
notebook @ file:///tmp/abs_abf6xa6h6f/croots/recipe/notebook_1659083654985/work
numba @ file:///opt/conda/conda-bld/numba_1648040517072/work
numexpr @ file:///opt/conda/conda-bld/numexpr_1656940300424/work
numpy @ file:///opt/conda/conda-bld/numpy_and_numpy_base_1653915516269/work
numpydoc @ file:///opt/conda/conda-bld/numpydoc_1657529872251/work
nvidia-cublas-cu11==11.10.3.66
nvidia-cuda-cupti-cu11==11.7.101
nvidia-cuda-nvrtc-cu11==11.7.99
nvidia-cuda-runtime-cu11==11.7.99
nvidia-cudnn-cu11==8.5.0.96
nvidia-cufft-cu11==10.9.0.58
nvidia-curand-cu11==10.2.10.91
nvidia-cusolver-cu11==11.4.0.1
nvidia-cusparse-cu11==11.7.4.91
nvidia-nccl-cu11==2.14.3
nvidia-nvtx-cu11==11.7.91
olefile @ file:///Users/ktietz/demo/mc3/conda-bld/olefile_1629805411829/work
openpyxl==3.0.10
packaging @ file:///tmp/build/80754af9/packaging_1637314298585/work
pandas==1.4.4
pandocfilters @ file:///opt/conda/conda-bld/pandocfilters_1643405455980/work
panel @ file:///tmp/abs_bb3d3b2f-b3ea-41c0-a72e-8f54852d5cdfs70inytz/croots/recipe/panel_1658133826470/work
param @ file:///tmp/build/80754af9/param_1636647414893/work
parsel @ file:///tmp/build/80754af9/parsel_1646722533460/work
parso @ file:///opt/conda/conda-bld/parso_1641458642106/work
partd @ file:///opt/conda/conda-bld/partd_1647245470509/work
pathlib @ file:///Users/ktietz/demo/mc3/conda-bld/pathlib_1629713961906/work
pathspec @ file:///tmp/abs_1foqurpsov/croots/recipe/pathspec_1659627126545/work
patsy==0.5.2
pep8==1.7.1
pexpect @ file:///tmp/build/80754af9/pexpect_1605563209008/work
pickleshare @ file:///tmp/build/80754af9/pickleshare_1606932040724/work
Pillow==9.2.0
pkginfo @ file:///tmp/build/80754af9/pkginfo_1643162084911/work
platformdirs @ file:///opt/conda/conda-bld/platformdirs_1662711380096/work
plotly @ file:///tmp/abs_7afcdfad-dbbb-49d2-adea-186abf525c45jbnd8p95/croots/recipe/plotly_1658160053621/work
pluggy @ file:///tmp/build/80754af9/pluggy_1648024445381/work
ply==3.11
poyo @ file:///tmp/build/80754af9/poyo_1617751526755/work
prometheus-client @ file:///tmp/abs_d3zeliano1/croots/recipe/prometheus_client_1659455100375/work
prompt-toolkit @ file:///tmp/build/80754af9/prompt-toolkit_1633440160888/work
Protego @ file:///tmp/build/80754af9/protego_1598657180827/work
psutil @ file:///opt/conda/conda-bld/psutil_1656431268089/work
ptyprocess @ file:///tmp/build/80754af9/ptyprocess_1609355006118/work/dist/ptyprocess-0.7.0-py2.py3-none-any.whl
py @ file:///opt/conda/conda-bld/py_1644396412707/work
pyasn1 @ file:///Users/ktietz/demo/mc3/conda-bld/pyasn1_1629708007385/work
pyasn1-modules==0.2.8
pycodestyle @ file:///tmp/build/80754af9/pycodestyle_1636635402688/work
pycosat==0.6.3
pycparser @ file:///tmp/build/80754af9/pycparser_1636541352034/work
pyct @ file:///tmp/abs_68a517ee-55fb-480e-82ab-1a8adb440a58x7qfc024/croots/recipe/pyct_1658500310800/work
pycurl==7.45.1
PyDispatcher==2.0.5
pydocstyle @ file:///tmp/build/80754af9/pydocstyle_1621600989141/work
pyerfa @ file:///tmp/build/80754af9/pyerfa_1621556109336/work
pyflakes @ file:///tmp/build/80754af9/pyflakes_1636644436481/work
Pygments @ file:///opt/conda/conda-bld/pygments_1644249106324/work
PyHamcrest @ file:///tmp/build/80754af9/pyhamcrest_1615748656804/work
PyJWT @ file:///opt/conda/conda-bld/pyjwt_1657544592787/work
pylint @ file:///tmp/abs_6fxmc66kyk/croots/recipe/pylint_1659110350161/work
pyls-spyder==0.4.0
pyodbc @ file:///tmp/abs_d365zrcsdp/croots/recipe/pyodbc_1659513794382/work
pyOpenSSL @ file:///opt/conda/conda-bld/pyopenssl_1643788558760/work
pyparsing @ file:///opt/conda/conda-bld/pyparsing_1661452539315/work
pyproj @ file:///home/conda/feedstock_root/build_artifacts/pyproj_1650803098020/work
PyQt5-sip==12.11.0
pyrsistent @ file:///tmp/build/80754af9/pyrsistent_1636110951836/work
pyshp @ file:///home/conda/feedstock_root/build_artifacts/pyshp_1659002966020/work
PySocks @ file:///tmp/build/80754af9/pysocks_1605305812635/work
pytest==7.1.2
python-dateutil @ file:///tmp/build/80754af9/python-dateutil_1626374649649/work
python-lsp-black @ file:///opt/conda/conda-bld/python-lsp-black_1661852031497/work
python-lsp-jsonrpc==1.0.0
python-lsp-server @ file:///opt/conda/conda-bld/python-lsp-server_1661813814476/work
python-slugify @ file:///tmp/build/80754af9/python-slugify_1620405669636/work
python-snappy @ file:///tmp/build/80754af9/python-snappy_1610133040135/work
pytz @ file:///opt/conda/conda-bld/pytz_1654762638606/work
pyviz-comms @ file:///tmp/build/80754af9/pyviz_comms_1623747165329/work
PyWavelets @ file:///tmp/build/80754af9/pywavelets_1648710015787/work
pyxdg @ file:///tmp/build/80754af9/pyxdg_1603822279816/work
PyYAML==6.0
pyzmq @ file:///opt/conda/conda-bld/pyzmq_1657724186960/work
QDarkStyle @ file:///tmp/build/80754af9/qdarkstyle_1617386714626/work
qstylizer @ file:///tmp/build/80754af9/qstylizer_1617713584600/work/dist/qstylizer-0.1.10-py2.py3-none-any.whl
QtAwesome @ file:///tmp/build/80754af9/qtawesome_1637160816833/work
qtconsole @ file:///opt/conda/conda-bld/qtconsole_1662018252641/work
QtPy @ file:///opt/conda/conda-bld/qtpy_1662014892439/work
queuelib==1.5.0
regex @ file:///tmp/abs_41f5bce5-0a2e-45aa-b231-1fd2fbd57753gfpe6sjm/croots/recipe/regex_1658257178822/work
requests @ file:///opt/conda/conda-bld/requests_1657734628632/work
requests-file @ file:///Users/ktietz/demo/mc3/conda-bld/requests-file_1629455781986/work
rope @ file:///opt/conda/conda-bld/rope_1643788605236/work
Rtree @ file:///tmp/build/80754af9/rtree_1618420843093/work
ruamel-yaml-conda @ file:///tmp/build/80754af9/ruamel_yaml_1616016711199/work
ruamel.yaml @ file:///home/conda/feedstock_root/build_artifacts/ruamel.yaml_1649033202141/work
ruamel.yaml.clib @ file:///home/conda/feedstock_root/build_artifacts/ruamel.yaml.clib_1649013070954/work
s3transfer @ file:///opt/conda/conda-bld/s3transfer_1654524197066/work
scikit-image @ file:///tmp/build/80754af9/scikit-image_1648214171611/work
scikit-learn @ file:///tmp/build/80754af9/scikit-learn_1642617106979/work
scikit-learn-intelex==2021.20221004.171807
scipy==1.9.1
scitools-iris @ file:///home/conda/feedstock_root/build_artifacts/iris_1657324684852/work
Scrapy @ file:///tmp/abs_e3bmwi01y8/croots/recipe/scrapy_1659598696235/work
seaborn @ file:///tmp/build/80754af9/seaborn_1629307859561/work
SecretStorage @ file:///tmp/build/80754af9/secretstorage_1614022780358/work
Send2Trash @ file:///tmp/build/80754af9/send2trash_1632406701022/work
service-identity @ file:///Users/ktietz/demo/mc3/conda-bld/service_identity_1629460757137/work
Shapely @ file:///home/conda/feedstock_root/build_artifacts/shapely_1651793105276/work
sip @ file:///tmp/abs_44cd77b_pu/croots/recipe/sip_1659012365470/work
six @ file:///tmp/build/80754af9/six_1644875935023/work
smart-open @ file:///opt/conda/conda-bld/smart_open_1651563547610/work
sniffio @ file:///tmp/build/80754af9/sniffio_1614030464178/work
snowballstemmer @ file:///tmp/build/80754af9/snowballstemmer_1637937080595/work
sortedcollections @ file:///tmp/build/80754af9/sortedcollections_1611172717284/work
sortedcontainers @ file:///tmp/build/80754af9/sortedcontainers_1623949099177/work
soupsieve @ file:///tmp/build/80754af9/soupsieve_1636706018808/work
Sphinx @ file:///opt/conda/conda-bld/sphinx_1657784123546/work
sphinxcontrib-applehelp @ file:///home/ktietz/src/ci/sphinxcontrib-applehelp_1611920841464/work
sphinxcontrib-devhelp @ file:///home/ktietz/src/ci/sphinxcontrib-devhelp_1611920923094/work
sphinxcontrib-htmlhelp @ file:///tmp/build/80754af9/sphinxcontrib-htmlhelp_1623945626792/work
sphinxcontrib-jsmath @ file:///home/ktietz/src/ci/sphinxcontrib-jsmath_1611920942228/work
sphinxcontrib-qthelp @ file:///home/ktietz/src/ci/sphinxcontrib-qthelp_1611921055322/work
sphinxcontrib-serializinghtml @ file:///tmp/build/80754af9/sphinxcontrib-serializinghtml_1624451540180/work
spyder @ file:///opt/conda/conda-bld/spyder_1663056818299/work
spyder-kernels @ file:///opt/conda/conda-bld/spyder-kernels_1662457880976/work
SQLAlchemy @ file:///tmp/abs_18b3238f-9c23-4182-a392-63af30a93c1er8j_yw60/croots/recipe/sqlalchemy_1657867856580/work
statsmodels @ file:///tmp/build/80754af9/statsmodels_1648015433305/work
sympy @ file:///tmp/build/80754af9/sympy_1647853653589/work
tables @ file:///tmp/build/80754af9/pytables_1607975397488/work
tabulate @ file:///opt/conda/conda-bld/tabulate_1657784105888/work
TBB==0.2
tblib @ file:///Users/ktietz/demo/mc3/conda-bld/tblib_1629402031467/work
tenacity @ file:///tmp/abs_9ca5cd06-f53b-4ea6-8eea-954e11157fddo5mhurpp/croots/recipe/tenacity_1657899103026/work
terminado @ file:///tmp/build/80754af9/terminado_1644322582718/work
testpath @ file:///opt/conda/conda-bld/testpath_1655908557405/work
text-unidecode @ file:///Users/ktietz/demo/mc3/conda-bld/text-unidecode_1629401354553/work
textdistance @ file:///tmp/build/80754af9/textdistance_1612461398012/work
threadpoolctl @ file:///Users/ktietz/demo/mc3/conda-bld/threadpoolctl_1629802263681/work
three-merge @ file:///tmp/build/80754af9/three-merge_1607553261110/work
tifffile @ file:///tmp/build/80754af9/tifffile_1627275862826/work
tinycss @ file:///tmp/build/80754af9/tinycss_1617713798712/work
tldextract @ file:///opt/conda/conda-bld/tldextract_1646638314385/work
toml @ file:///tmp/build/80754af9/toml_1616166611790/work
tomli @ file:///opt/conda/conda-bld/tomli_1657175507142/work
tomlkit @ file:///tmp/abs_56_0lnnq5x/croots/recipe/tomlkit_1658946880479/work
toolz @ file:///tmp/build/80754af9/toolz_1636545406491/work
torch==2.0.0
torchaudio==2.0.1
torchvision==0.15.1
tornado @ file:///tmp/build/80754af9/tornado_1606942317143/work
tqdm @ file:///opt/conda/conda-bld/tqdm_1664392687731/work
traitlets @ file:///tmp/build/80754af9/traitlets_1636710298902/work
triton==2.0.0
Twisted @ file:///tmp/abs_82802zpkox/croots/recipe/twisted_1659592759417/work
typing_extensions @ file:///tmp/abs_ben9emwtky/croots/recipe/typing_extensions_1659638822008/work
ujson @ file:///opt/conda/conda-bld/ujson_1657544923770/work
Unidecode @ file:///tmp/build/80754af9/unidecode_1614712377438/work
urllib3 @ file:///tmp/abs_5dhwnz6atv/croots/recipe/urllib3_1659110457909/work
w3lib @ file:///Users/ktietz/demo/mc3/conda-bld/w3lib_1629359764703/work
watchdog @ file:///tmp/build/80754af9/watchdog_1638367282716/work
wcwidth @ file:///Users/ktietz/demo/mc3/conda-bld/wcwidth_1629357192024/work
webencodings==0.5.1
websocket-client @ file:///tmp/build/80754af9/websocket-client_1614803975924/work
Werkzeug @ file:///opt/conda/conda-bld/werkzeug_1645628268370/work
whatthepatch @ file:///opt/conda/conda-bld/whatthepatch_1661795988879/work
widgetsnbextension @ file:///tmp/build/80754af9/widgetsnbextension_1644992802045/work
wrapt @ file:///tmp/abs_c335821b-6e43-4504-9816-b1a52d3d3e1eel6uae8l/croots/recipe/wrapt_1657814400492/work
wurlitzer @ file:///tmp/build/80754af9/wurlitzer_1638368168359/work
xarray @ file:///opt/conda/conda-bld/xarray_1639166117697/work
xlrd @ file:///tmp/build/80754af9/xlrd_1608072521494/work
XlsxWriter @ file:///opt/conda/conda-bld/xlsxwriter_1649073856329/work
xxhash @ file:///home/conda/feedstock_root/build_artifacts/python-xxhash_1649442461072/work
yapf @ file:///tmp/build/80754af9/yapf_1615749224965/work
zict==2.1.0
zipp @ file:///opt/conda/conda-bld/zipp_1652341764480/work
zope.interface @ file:///tmp/build/80754af9/zope.interface_1625036153595/work
(/ocean/projects/cis230018p/rakash/rda-ngpt-env-v1) [rakash@bridges2-login013 ~]$ pip freeze | grep pytroch
(/ocean/projects/cis230018p/rakash/rda-ngpt-env-v1) [rakash@bridges2-login013 ~]$ pip freeze | grep pytroch*
(/ocean/projects/cis230018p/rakash/rda-ngpt-env-v1) [rakash@bridges2-login013 ~]$ pip3 freeze | grep pytroch*
(/ocean/projects/cis230018p/rakash/rda-ngpt-env-v1) [rakash@bridges2-login013 ~]$ pytorch -v
-bash: pytorch: command not found
(/ocean/projects/cis230018p/rakash/rda-ngpt-env-v1) [rakash@bridges2-login013 ~]$ conda install pytorch torchvision torchaudio pytorch-cuda=11.7 -c pytorch -c nvidia
Collecting package metadata (current_repodata.json): done
Solving environment: failed with initial frozen solve. Retrying with flexible solve.
Solving environment: failed with repodata from current_repodata.json, will retry with next repodata source.
Collecting package metadata (repodata.json): done
Solving environment: done

## Package Plan ##

  environment location: /ocean/projects/cis230018p/rakash/rda-ngpt-env-v1

  added / updated specs:
    - pytorch
    - pytorch-cuda=11.7
    - torchaudio
    - torchvision


The following packages will be downloaded:

    package                    |            build
    ---------------------------|-----------------
    requests-2.29.0            |  py310h06a4308_0          97 KB
    ------------------------------------------------------------
                                           Total:          97 KB

The following NEW packages will be INSTALLED:

  _libgcc_mutex      pkgs/main/linux-64::_libgcc_mutex-0.1-main 
  _openmp_mutex      pkgs/main/linux-64::_openmp_mutex-5.1-1_gnu 
  blas               pkgs/main/linux-64::blas-1.0-mkl 
  brotlipy           pkgs/main/linux-64::brotlipy-0.7.0-py310h7f8727e_1002 
  bzip2              pkgs/main/linux-64::bzip2-1.0.8-h7b6447c_0 
  ca-certificates    pkgs/main/linux-64::ca-certificates-2023.01.10-h06a4308_0 
  certifi            pkgs/main/linux-64::certifi-2022.12.7-py310h06a4308_0 
  cffi               pkgs/main/linux-64::cffi-1.15.1-py310h5eee18b_3 
  charset-normalizer pkgs/main/noarch::charset-normalizer-2.0.4-pyhd3eb1b0_0 
  cryptography       pkgs/main/linux-64::cryptography-39.0.1-py310h9ce1e76_0 
  cuda-cudart        nvidia/linux-64::cuda-cudart-11.7.99-0 
  cuda-cupti         nvidia/linux-64::cuda-cupti-11.7.101-0 
  cuda-libraries     nvidia/linux-64::cuda-libraries-11.7.1-0 
  cuda-nvrtc         nvidia/linux-64::cuda-nvrtc-11.7.99-0 
  cuda-nvtx          nvidia/linux-64::cuda-nvtx-11.7.91-0 
  cuda-runtime       nvidia/linux-64::cuda-runtime-11.7.1-0 
  ffmpeg             pytorch/linux-64::ffmpeg-4.3-hf484d3e_0 
  filelock           pkgs/main/linux-64::filelock-3.9.0-py310h06a4308_0 
  freetype           pkgs/main/linux-64::freetype-2.12.1-h4a9f257_0 
  giflib             pkgs/main/linux-64::giflib-5.2.1-h5eee18b_3 
  gmp                pkgs/main/linux-64::gmp-6.2.1-h295c915_3 
  gmpy2              pkgs/main/linux-64::gmpy2-2.1.2-py310heeb90bb_0 
  gnutls             pkgs/main/linux-64::gnutls-3.6.15-he1e5248_0 
  idna               pkgs/main/linux-64::idna-3.4-py310h06a4308_0 
  intel-openmp       pkgs/main/linux-64::intel-openmp-2021.4.0-h06a4308_3561 
  jinja2             pkgs/main/linux-64::jinja2-3.1.2-py310h06a4308_0 
  jpeg               pkgs/main/linux-64::jpeg-9e-h5eee18b_1 
  lame               pkgs/main/linux-64::lame-3.100-h7b6447c_0 
  lcms2              pkgs/main/linux-64::lcms2-2.12-h3be6417_0 
  ld_impl_linux-64   pkgs/main/linux-64::ld_impl_linux-64-2.38-h1181459_1 
  lerc               pkgs/main/linux-64::lerc-3.0-h295c915_0 
  libcublas          nvidia/linux-64::libcublas-11.10.3.66-0 
  libcufft           nvidia/linux-64::libcufft-10.7.2.124-h4fbf590_0 
  libcufile          nvidia/linux-64::libcufile-1.6.1.9-0 
  libcurand          nvidia/linux-64::libcurand-10.3.2.106-0 
  libcusolver        nvidia/linux-64::libcusolver-11.4.0.1-0 
  libcusparse        nvidia/linux-64::libcusparse-11.7.4.91-0 
  libdeflate         pkgs/main/linux-64::libdeflate-1.17-h5eee18b_0 
  libffi             pkgs/main/linux-64::libffi-3.4.2-h6a678d5_6 
  libgcc-ng          pkgs/main/linux-64::libgcc-ng-11.2.0-h1234567_1 
  libgomp            pkgs/main/linux-64::libgomp-11.2.0-h1234567_1 
  libiconv           pkgs/main/linux-64::libiconv-1.16-h7f8727e_2 
  libidn2            pkgs/main/linux-64::libidn2-2.3.2-h7f8727e_0 
  libnpp             nvidia/linux-64::libnpp-11.7.4.75-0 
  libnvjpeg          nvidia/linux-64::libnvjpeg-11.8.0.2-0 
  libpng             pkgs/main/linux-64::libpng-1.6.39-h5eee18b_0 
  libstdcxx-ng       pkgs/main/linux-64::libstdcxx-ng-11.2.0-h1234567_1 
  libtasn1           pkgs/main/linux-64::libtasn1-4.19.0-h5eee18b_0 
  libtiff            pkgs/main/linux-64::libtiff-4.5.0-h6a678d5_2 
  libunistring       pkgs/main/linux-64::libunistring-0.9.10-h27cfd23_0 
  libuuid            pkgs/main/linux-64::libuuid-1.41.5-h5eee18b_0 
  libwebp            pkgs/main/linux-64::libwebp-1.2.4-h11a3e52_1 
  libwebp-base       pkgs/main/linux-64::libwebp-base-1.2.4-h5eee18b_1 
  lz4-c              pkgs/main/linux-64::lz4-c-1.9.4-h6a678d5_0 
  markupsafe         pkgs/main/linux-64::markupsafe-2.1.1-py310h7f8727e_0 
  mkl                pkgs/main/linux-64::mkl-2021.4.0-h06a4308_640 
  mkl-service        pkgs/main/linux-64::mkl-service-2.4.0-py310h7f8727e_0 
  mkl_fft            pkgs/main/linux-64::mkl_fft-1.3.1-py310hd6ae3a3_0 
  mkl_random         pkgs/main/linux-64::mkl_random-1.2.2-py310h00e6091_0 
  mpc                pkgs/main/linux-64::mpc-1.1.0-h10f8cd9_1 
  mpfr               pkgs/main/linux-64::mpfr-4.0.2-hb69a4c5_1 
  mpmath             pkgs/main/linux-64::mpmath-1.2.1-py310h06a4308_0 
  ncurses            pkgs/main/linux-64::ncurses-6.4-h6a678d5_0 
  nettle             pkgs/main/linux-64::nettle-3.7.3-hbbd107a_1 
  networkx           pkgs/main/linux-64::networkx-2.8.4-py310h06a4308_1 
  numpy              pkgs/main/linux-64::numpy-1.24.3-py310hd5efca6_0 
  numpy-base         pkgs/main/linux-64::numpy-base-1.24.3-py310h8e6c178_0 
  openh264           pkgs/main/linux-64::openh264-2.1.1-h4ff587b_0 
  openssl            pkgs/main/linux-64::openssl-1.1.1t-h7f8727e_0 
  pillow             pkgs/main/linux-64::pillow-9.4.0-py310h6a678d5_0 
  pip                pkgs/main/linux-64::pip-23.0.1-py310h06a4308_0 
  pycparser          pkgs/main/noarch::pycparser-2.21-pyhd3eb1b0_0 
  pyopenssl          pkgs/main/linux-64::pyopenssl-23.0.0-py310h06a4308_0 
  pysocks            pkgs/main/linux-64::pysocks-1.7.1-py310h06a4308_0 
  python             pkgs/main/linux-64::python-3.10.11-h7a1cb2a_2 
  pytorch            pytorch/linux-64::pytorch-2.0.0-py3.10_cuda11.7_cudnn8.5.0_0 
  pytorch-cuda       pytorch/linux-64::pytorch-cuda-11.7-h778d358_3 
  pytorch-mutex      pytorch/noarch::pytorch-mutex-1.0-cuda 
  readline           pkgs/main/linux-64::readline-8.2-h5eee18b_0 
  requests           pkgs/main/linux-64::requests-2.29.0-py310h06a4308_0 
  setuptools         pkgs/main/linux-64::setuptools-66.0.0-py310h06a4308_0 
  six                pkgs/main/noarch::six-1.16.0-pyhd3eb1b0_1 
  sqlite             pkgs/main/linux-64::sqlite-3.41.2-h5eee18b_0 
  sympy              pkgs/main/linux-64::sympy-1.11.1-py310h06a4308_0 
  tk                 pkgs/main/linux-64::tk-8.6.12-h1ccaba5_0 
  torchaudio         pytorch/linux-64::torchaudio-2.0.0-py310_cu117 
  torchtriton        pytorch/linux-64::torchtriton-2.0.0-py310 
  torchvision        pytorch/linux-64::torchvision-0.15.0-py310_cu117 
  typing_extensions  pkgs/main/linux-64::typing_extensions-4.5.0-py310h06a4308_0 
  tzdata             pkgs/main/noarch::tzdata-2023c-h04d1e81_0 
  urllib3            pkgs/main/linux-64::urllib3-1.26.15-py310h06a4308_0 
  wheel              pkgs/main/linux-64::wheel-0.38.4-py310h06a4308_0 
  xz                 pkgs/main/linux-64::xz-5.2.10-h5eee18b_1 
  zlib               pkgs/main/linux-64::zlib-1.2.13-h5eee18b_0 
  zstd               pkgs/main/linux-64::zstd-1.5.5-hc292b87_0 


Proceed ([y]/n)? y


Downloading and Extracting Packages
                                                                                                                  
Preparing transaction: done
Verifying transaction: done
Executing transaction: done
(/ocean/projects/cis230018p/rakash/rda-ngpt-env-v1) [rakash@bridges2-login013 ~]$ conda list | grep pytroch
(/ocean/projects/cis230018p/rakash/rda-ngpt-env-v1) [rakash@bridges2-login013 ~]$ conda list conda list | grep pytorch^C
(/ocean/projects/cis230018p/rakash/rda-ngpt-env-v1) [rakash@bridges2-login013 ~]$ conda list | grep pytorch
ffmpeg                    4.3                  hf484d3e_0    pytorch
pytorch                   2.0.0           py3.10_cuda11.7_cudnn8.5.0_0    pytorch
pytorch-cuda              11.7                 h778d358_3    pytorch
pytorch-mutex             1.0                        cuda    pytorch
torchaudio                2.0.0               py310_cu117    pytorch
torchtriton               2.0.0                     py310    pytorch
torchvision               0.15.0              py310_cu117    pytorch
(/ocean/projects/cis230018p/rakash/rda-ngpt-env-v1) [rakash@bridges2-login013 ~]$ pip3 freeze | grep pytorch
(/ocean/projects/cis230018p/rakash/rda-ngpt-env-v1) [rakash@bridges2-login013 ~]$ ls
class-mar28-nv100
(/ocean/projects/cis230018p/rakash/rda-ngpt-env-v1) [rakash@bridges2-login013 ~]$ conda install pytorch torchvision torchaudio pytorch-cuda=11.7 -c pytorch -c nvidia^C
(/ocean/projects/cis230018p/rakash/rda-ngpt-env-v1) [rakash@bridges2-login013 ~]$ pip freeze | grep pytorch
(/ocean/projects/cis230018p/rakash/rda-ngpt-env-v1) [rakash@bridges2-login013 ~]$ pip install transformers
Collecting transformers
  Using cached transformers-4.28.1-py3-none-any.whl (7.0 MB)
Collecting tokenizers!=0.11.3,<0.14,>=0.11.1
  Using cached tokenizers-0.13.3-cp310-cp310-manylinux_2_17_x86_64.manylinux2014_x86_64.whl (7.8 MB)
Requirement already satisfied: requests in /ocean/projects/cis230018p/rakash/rda-ngpt-env-v1/lib/python3.10/site-packages (from transformers) (2.29.0)
Collecting pyyaml>=5.1
  Using cached PyYAML-6.0-cp310-cp310-manylinux_2_5_x86_64.manylinux1_x86_64.manylinux_2_12_x86_64.manylinux2010_x86_64.whl (682 kB)
Collecting regex!=2019.12.17
  Using cached regex-2023.3.23-cp310-cp310-manylinux_2_17_x86_64.manylinux2014_x86_64.whl (769 kB)
Requirement already satisfied: numpy>=1.17 in /ocean/projects/cis230018p/rakash/rda-ngpt-env-v1/lib/python3.10/site-packages (from transformers) (1.24.3)
Collecting huggingface-hub<1.0,>=0.11.0
  Using cached huggingface_hub-0.14.1-py3-none-any.whl (224 kB)
Collecting packaging>=20.0
  Using cached packaging-23.1-py3-none-any.whl (48 kB)
Requirement already satisfied: filelock in /ocean/projects/cis230018p/rakash/rda-ngpt-env-v1/lib/python3.10/site-packages (from transformers) (3.9.0)
Collecting tqdm>=4.27
  Using cached tqdm-4.65.0-py3-none-any.whl (77 kB)
Collecting fsspec
  Using cached fsspec-2023.4.0-py3-none-any.whl (153 kB)
Requirement already satisfied: typing-extensions>=3.7.4.3 in /ocean/projects/cis230018p/rakash/rda-ngpt-env-v1/lib/python3.10/site-packages (from huggingface-hub<1.0,>=0.11.0->transformers) (4.5.0)
Requirement already satisfied: charset-normalizer<4,>=2 in /ocean/projects/cis230018p/rakash/rda-ngpt-env-v1/lib/python3.10/site-packages (from requests->transformers) (2.0.4)
Requirement already satisfied: certifi>=2017.4.17 in /ocean/projects/cis230018p/rakash/rda-ngpt-env-v1/lib/python3.10/site-packages (from requests->transformers) (2022.12.7)
Requirement already satisfied: idna<4,>=2.5 in /ocean/projects/cis230018p/rakash/rda-ngpt-env-v1/lib/python3.10/site-packages (from requests->transformers) (3.4)
Requirement already satisfied: urllib3<1.27,>=1.21.1 in /ocean/projects/cis230018p/rakash/rda-ngpt-env-v1/lib/python3.10/site-packages (from requests->transformers) (1.26.15)
Installing collected packages: tokenizers, tqdm, regex, pyyaml, packaging, fsspec, huggingface-hub, transformers
Successfully installed fsspec-2023.4.0 huggingface-hub-0.14.1 packaging-23.1 pyyaml-6.0 regex-2023.3.23 tokenizers-0.13.3 tqdm-4.65.0 transformers-4.28.1
(/ocean/projects/cis230018p/rakash/rda-ngpt-env-v1) [rakash@bridges2-login013 ~]$ pip freeze | grep pytorch
(/ocean/projects/cis230018p/rakash/rda-ngpt-env-v1) [rakash@bridges2-login013 ~]$ pip3 freeze | grep pytorch(/ocean/projects/cis230018p/rakash/rda-ngpt-env-v1) [rakash@bridges2-login013 ~]$ pip freeze | grep transformers
transformers==4.28.1
(/ocean/projects/cis230018p/rakash/rda-ngpt-env-v1) [rakash@bridges2-login013 ~]$ pip freeze | grep pytorch^C
(/ocean/projects/cis230018p/rakash/rda-ngpt-env-v1) [rakash@bridges2-login013 ~]$ pip install datasets
Collecting datasets
  Downloading datasets-2.11.0-py3-none-any.whl (468 kB)
     ━━━━━━━━━━━━━ 468.7/468.7   15.3 MB/s eta 0:00:00
                   kB                                 
Requirement already satisfied: tqdm>=4.62.1 in /ocean/projects/cis230018p/rakash/rda-ngpt-env-v1/lib/python3.10/site-packages (from datasets) (4.65.0)
Requirement already satisfied: numpy>=1.17 in /ocean/projects/cis230018p/rakash/rda-ngpt-env-v1/lib/python3.10/site-packages (from datasets) (1.24.3)
Collecting responses<0.19
  Downloading responses-0.18.0-py3-none-any.whl (38 kB)
Requirement already satisfied: fsspec[http]>=2021.11.1 in /ocean/projects/cis230018p/rakash/rda-ngpt-env-v1/lib/python3.10/site-packages (from datasets) (2023.4.0)
Requirement already satisfied: requests>=2.19.0 in /ocean/projects/cis230018p/rakash/rda-ngpt-env-v1/lib/python3.10/site-packages (from datasets) (2.29.0)
Collecting dill<0.3.7,>=0.3.0
  Downloading dill-0.3.6-py3-none-any.whl (110 kB)
     ━━━━━━━━━━━━━ 110.5/110.5   19.4 MB/s eta 0:00:00
                   kB                                 
Collecting pyarrow>=8.0.0
  Downloading pyarrow-11.0.0-cp310-cp310-manylinux_2_17_x86_64.manylinux2014_x86_64.whl (34.9 MB)
     ━━━━━━━━━━━━━━ 34.9/34.9 MB 81.7 MB/s eta 0:00:00
Collecting pandas
  Downloading pandas-2.0.1-cp310-cp310-manylinux_2_17_x86_64.manylinux2014_x86_64.whl (12.3 MB)
     ━━━━━━━━━━━━━ 12.3/12.3 MB 136.6 MB/s eta 0:00:00
Collecting aiohttp
  Downloading aiohttp-3.8.4-cp310-cp310-manylinux_2_17_x86_64.manylinux2014_x86_64.whl (1.0 MB)
     ━━━━━━━━━━━━━━━━ 1.0/1.0 MB 37.3 MB/s eta 0:00:00
Requirement already satisfied: huggingface-hub<1.0.0,>=0.11.0 in /ocean/projects/cis230018p/rakash/rda-ngpt-env-v1/lib/python3.10/site-packages (from datasets) (0.14.1)
Requirement already satisfied: pyyaml>=5.1 in /ocean/projects/cis230018p/rakash/rda-ngpt-env-v1/lib/python3.10/site-packages (from datasets) (6.0)
Requirement already satisfied: packaging in /ocean/projects/cis230018p/rakash/rda-ngpt-env-v1/lib/python3.10/site-packages (from datasets) (23.1)
Collecting multiprocess
  Downloading multiprocess-0.70.14-py310-none-any.whl (134 kB)
     ━━━━━━━━━━━━━ 134.3/134.3   25.2 MB/s eta 0:00:00
                   kB                                 
Collecting xxhash
  Downloading xxhash-3.2.0-cp310-cp310-manylinux_2_17_x86_64.manylinux2014_x86_64.whl (212 kB)
     ━━━━━━━━━━━━━ 212.5/212.5   34.3 MB/s eta 0:00:00
                   kB                                 
Collecting frozenlist>=1.1.1
  Downloading frozenlist-1.3.3-cp310-cp310-manylinux_2_5_x86_64.manylinux1_x86_64.manylinux_2_17_x86_64.manylinux2014_x86_64.whl (149 kB)
     ━━━━━━━━━━━━━ 149.6/149.6   25.3 MB/s eta 0:00:00
                   kB                                 
Collecting yarl<2.0,>=1.0
  Downloading yarl-1.9.2-cp310-cp310-manylinux_2_17_x86_64.manylinux2014_x86_64.whl (268 kB)
     ━━━━━━━━━━━━━ 268.8/268.8   44.4 MB/s eta 0:00:00
                   kB                                 
Requirement already satisfied: charset-normalizer<4.0,>=2.0 in /ocean/projects/cis230018p/rakash/rda-ngpt-env-v1/lib/python3.10/site-packages (from aiohttp->datasets) (2.0.4)
Collecting attrs>=17.3.0
  Downloading attrs-23.1.0-py3-none-any.whl (61 kB)
     ━━━━━━━━━━━━━━ 61.2/61.2 kB 10.8 MB/s eta 0:00:00
Collecting aiosignal>=1.1.2
  Downloading aiosignal-1.3.1-py3-none-any.whl (7.6 kB)
Collecting multidict<7.0,>=4.5
  Downloading multidict-6.0.4-cp310-cp310-manylinux_2_17_x86_64.manylinux2014_x86_64.whl (114 kB)
     ━━━━━━━━━━━━━━ 114.5/114.5   6.8 MB/s eta 0:00:00
                    kB                                
Collecting async-timeout<5.0,>=4.0.0a3
  Downloading async_timeout-4.0.2-py3-none-any.whl (5.8 kB)
Requirement already satisfied: filelock in /ocean/projects/cis230018p/rakash/rda-ngpt-env-v1/lib/python3.10/site-packages (from huggingface-hub<1.0.0,>=0.11.0->datasets) (3.9.0)
Requirement already satisfied: typing-extensions>=3.7.4.3 in /ocean/projects/cis230018p/rakash/rda-ngpt-env-v1/lib/python3.10/site-packages (from huggingface-hub<1.0.0,>=0.11.0->datasets) (4.5.0)
Requirement already satisfied: idna<4,>=2.5 in /ocean/projects/cis230018p/rakash/rda-ngpt-env-v1/lib/python3.10/site-packages (from requests>=2.19.0->datasets) (3.4)
Requirement already satisfied: certifi>=2017.4.17 in /ocean/projects/cis230018p/rakash/rda-ngpt-env-v1/lib/python3.10/site-packages (from requests>=2.19.0->datasets) (2022.12.7)
Requirement already satisfied: urllib3<1.27,>=1.21.1 in /ocean/projects/cis230018p/rakash/rda-ngpt-env-v1/lib/python3.10/site-packages (from requests>=2.19.0->datasets) (1.26.15)
Collecting python-dateutil>=2.8.2
  Downloading python_dateutil-2.8.2-py2.py3-none-any.whl (247 kB)
     ━━━━━━━━━━━━━ 247.7/247.7   37.7 MB/s eta 0:00:00
                   kB                                 
Collecting pytz>=2020.1
  Downloading pytz-2023.3-py2.py3-none-any.whl (502 kB)
     ━━━━━━━━━━━━━ 502.3/502.3   65.2 MB/s eta 0:00:00
                   kB                                 
Collecting tzdata>=2022.1
  Downloading tzdata-2023.3-py2.py3-none-any.whl (341 kB)
     ━━━━━━━━━━━━━ 341.8/341.8   53.4 MB/s eta 0:00:00
                   kB                                 
Requirement already satisfied: six>=1.5 in /ocean/projects/cis230018p/rakash/rda-ngpt-env-v1/lib/python3.10/site-packages (from python-dateutil>=2.8.2->pandas->datasets) (1.16.0)
Installing collected packages: pytz, xxhash, tzdata, python-dateutil, pyarrow, multidict, frozenlist, dill, attrs, async-timeout, yarl, responses, pandas, multiprocess, aiosignal, aiohttp, datasets
Successfully installed aiohttp-3.8.4 aiosignal-1.3.1 async-timeout-4.0.2 attrs-23.1.0 datasets-2.11.0 dill-0.3.6 frozenlist-1.3.3 multidict-6.0.4 multiprocess-0.70.14 pandas-2.0.1 pyarrow-11.0.0 python-dateutil-2.8.2 pytz-2023.3 responses-0.18.0 tzdata-2023.3 xxhash-3.2.0 yarl-1.9.2
(/ocean/projects/cis230018p/rakash/rda-ngpt-env-v1) [rakash@bridges2-login013 ~]$ ^C
(/ocean/projects/cis230018p/rakash/rda-ngpt-env-v1) [rakash@bridges2-login013 ~]$ pip install datasets
Requirement already satisfied: datasets in /ocean/projects/cis230018p/rakash/rda-ngpt-env-v1/lib/python3.10/site-packages (2.11.0)
Requirement already satisfied: numpy>=1.17 in /ocean/projects/cis230018p/rakash/rda-ngpt-env-v1/lib/python3.10/site-packages (from datasets) (1.24.3)
Requirement already satisfied: requests>=2.19.0 in /ocean/projects/cis230018p/rakash/rda-ngpt-env-v1/lib/python3.10/site-packages (from datasets) (2.29.0)
Requirement already satisfied: pyyaml>=5.1 in /ocean/projects/cis230018p/rakash/rda-ngpt-env-v1/lib/python3.10/site-packages (from datasets) (6.0)
Requirement already satisfied: fsspec[http]>=2021.11.1 in /ocean/projects/cis230018p/rakash/rda-ngpt-env-v1/lib/python3.10/site-packages (from datasets) (2023.4.0)
Requirement already satisfied: pyarrow>=8.0.0 in /ocean/projects/cis230018p/rakash/rda-ngpt-env-v1/lib/python3.10/site-packages (from datasets) (11.0.0)
Requirement already satisfied: huggingface-hub<1.0.0,>=0.11.0 in /ocean/projects/cis230018p/rakash/rda-ngpt-env-v1/lib/python3.10/site-packages (from datasets) (0.14.1)
Requirement already satisfied: multiprocess in /ocean/projects/cis230018p/rakash/rda-ngpt-env-v1/lib/python3.10/site-packages (from datasets) (0.70.14)
Requirement already satisfied: aiohttp in /ocean/projects/cis230018p/rakash/rda-ngpt-env-v1/lib/python3.10/site-packages (from datasets) (3.8.4)
Requirement already satisfied: responses<0.19 in /ocean/projects/cis230018p/rakash/rda-ngpt-env-v1/lib/python3.10/site-packages (from datasets) (0.18.0)
Requirement already satisfied: pandas in /ocean/projects/cis230018p/rakash/rda-ngpt-env-v1/lib/python3.10/site-packages (from datasets) (2.0.1)
Requirement already satisfied: tqdm>=4.62.1 in /ocean/projects/cis230018p/rakash/rda-ngpt-env-v1/lib/python3.10/site-packages (from datasets) (4.65.0)
Requirement already satisfied: packaging in /ocean/projects/cis230018p/rakash/rda-ngpt-env-v1/lib/python3.10/site-packages (from datasets) (23.1)
Requirement already satisfied: xxhash in /ocean/projects/cis230018p/rakash/rda-ngpt-env-v1/lib/python3.10/site-packages (from datasets) (3.2.0)
Requirement already satisfied: dill<0.3.7,>=0.3.0 in /ocean/projects/cis230018p/rakash/rda-ngpt-env-v1/lib/python3.10/site-packages (from datasets) (0.3.6)
Requirement already satisfied: yarl<2.0,>=1.0 in /ocean/projects/cis230018p/rakash/rda-ngpt-env-v1/lib/python3.10/site-packages (from aiohttp->datasets) (1.9.2)
Requirement already satisfied: charset-normalizer<4.0,>=2.0 in /ocean/projects/cis230018p/rakash/rda-ngpt-env-v1/lib/python3.10/site-packages (from aiohttp->datasets) (2.0.4)
Requirement already satisfied: frozenlist>=1.1.1 in /ocean/projects/cis230018p/rakash/rda-ngpt-env-v1/lib/python3.10/site-packages (from aiohttp->datasets) (1.3.3)
Requirement already satisfied: attrs>=17.3.0 in /ocean/projects/cis230018p/rakash/rda-ngpt-env-v1/lib/python3.10/site-packages (from aiohttp->datasets) (23.1.0)
Requirement already satisfied: async-timeout<5.0,>=4.0.0a3 in /ocean/projects/cis230018p/rakash/rda-ngpt-env-v1/lib/python3.10/site-packages (from aiohttp->datasets) (4.0.2)
Requirement already satisfied: multidict<7.0,>=4.5 in /ocean/projects/cis230018p/rakash/rda-ngpt-env-v1/lib/python3.10/site-packages (from aiohttp->datasets) (6.0.4)
Requirement already satisfied: aiosignal>=1.1.2 in /ocean/projects/cis230018p/rakash/rda-ngpt-env-v1/lib/python3.10/site-packages (from aiohttp->datasets) (1.3.1)
Requirement already satisfied: filelock in /ocean/projects/cis230018p/rakash/rda-ngpt-env-v1/lib/python3.10/site-packages (from huggingface-hub<1.0.0,>=0.11.0->datasets) (3.9.0)
Requirement already satisfied: typing-extensions>=3.7.4.3 in /ocean/projects/cis230018p/rakash/rda-ngpt-env-v1/lib/python3.10/site-packages (from huggingface-hub<1.0.0,>=0.11.0->datasets) (4.5.0)
Requirement already satisfied: urllib3<1.27,>=1.21.1 in /ocean/projects/cis230018p/rakash/rda-ngpt-env-v1/lib/python3.10/site-packages (from requests>=2.19.0->datasets) (1.26.15)
Requirement already satisfied: idna<4,>=2.5 in /ocean/projects/cis230018p/rakash/rda-ngpt-env-v1/lib/python3.10/site-packages (from requests>=2.19.0->datasets) (3.4)
Requirement already satisfied: certifi>=2017.4.17 in /ocean/projects/cis230018p/rakash/rda-ngpt-env-v1/lib/python3.10/site-packages (from requests>=2.19.0->datasets) (2022.12.7)
Requirement already satisfied: tzdata>=2022.1 in /ocean/projects/cis230018p/rakash/rda-ngpt-env-v1/lib/python3.10/site-packages (from pandas->datasets) (2023.3)
Requirement already satisfied: python-dateutil>=2.8.2 in /ocean/projects/cis230018p/rakash/rda-ngpt-env-v1/lib/python3.10/site-packages (from pandas->datasets) (2.8.2)
Requirement already satisfied: pytz>=2020.1 in /ocean/projects/cis230018p/rakash/rda-ngpt-env-v1/lib/python3.10/site-packages (from pandas->datasets) (2023.3)
Requirement already satisfied: six>=1.5 in /ocean/projects/cis230018p/rakash/rda-ngpt-env-v1/lib/python3.10/site-packages (from python-dateutil>=2.8.2->pandas->datasets) (1.16.0)
(/ocean/projects/cis230018p/rakash/rda-ngpt-env-v1) [rakash@bridges2-login013 ~]$ pip3 freeze | grep transform*
transformers==4.28.1
(/ocean/projects/cis230018p/rakash/rda-ngpt-env-v1) [rakash@bridges2-login013 ~]$ pip3 freeze | grep dataset*
datasets==2.11.0
(/ocean/projects/cis230018p/rakash/rda-ngpt-env-v1) [rakash@bridges2-login013 ~]$ pip install tiktoken
Collecting tiktoken
  Downloading tiktoken-0.3.3-cp310-cp310-manylinux_2_17_x86_64.manylinux2014_x86_64.whl (1.7 MB)
     ━━━━━━━━━━━━━━━━━━━━━━━━━━━━━━━━━━━━━━━━ 1.7/1.7 MB 21.9 MB/s eta 0:00:00
Requirement already satisfied: requests>=2.26.0 in /ocean/projects/cis230018p/rakash/rda-ngpt-env-v1/lib/python3.10/site-packages (from tiktoken) (2.29.0)
Requirement already satisfied: regex>=2022.1.18 in /ocean/projects/cis230018p/rakash/rda-ngpt-env-v1/lib/python3.10/site-packages (from tiktoken) (2023.3.23)
Requirement already satisfied: charset-normalizer<4,>=2 in /ocean/projects/cis230018p/rakash/rda-ngpt-env-v1/lib/python3.10/site-packages (from requests>=2.26.0->tiktoken) (2.0.4)
Requirement already satisfied: idna<4,>=2.5 in /ocean/projects/cis230018p/rakash/rda-ngpt-env-v1/lib/python3.10/site-packages (from requests>=2.26.0->tiktoken) (3.4)
Requirement already satisfied: certifi>=2017.4.17 in /ocean/projects/cis230018p/rakash/rda-ngpt-env-v1/lib/python3.10/site-packages (from requests>=2.26.0->tiktoken) (2022.12.7)
Requirement already satisfied: urllib3<1.27,>=1.21.1 in /ocean/projects/cis230018p/rakash/rda-ngpt-env-v1/lib/python3.10/site-packages (from requests>=2.26.0->tiktoken) (1.26.15)
Installing collected packages: tiktoken
Successfully installed tiktoken-0.3.3
(/ocean/projects/cis230018p/rakash/rda-ngpt-env-v1) [rakash@bridges2-login013 ~]$ pip install wandb
Collecting wandb
  Downloading wandb-0.15.0-py3-none-any.whl (2.0 MB)
     ━━━━━━━━━━━━━━━━━━━━━━━━━━━━━━━━━━━━━━━━ 2.0/2.0 MB 43.2 MB/s eta 0:00:00
Collecting GitPython!=3.1.29,>=1.0.0
  Downloading GitPython-3.1.31-py3-none-any.whl (184 kB)
     ━━━━━━━━━━━━━━━━━━━━━━━━━━━━━━━━━━━━━━━━ 184.3/184.3 kB 32.7 MB/s eta 0:00:00
Requirement already satisfied: PyYAML in /ocean/projects/cis230018p/rakash/rda-ngpt-env-v1/lib/python3.10/site-packages (from wandb) (6.0)
Collecting setproctitle
  Downloading setproctitle-1.3.2-cp310-cp310-manylinux_2_5_x86_64.manylinux1_x86_64.manylinux_2_17_x86_64.manylinux2014_x86_64.whl (30 kB)
Collecting psutil>=5.0.0
  Downloading psutil-5.9.5-cp36-abi3-manylinux_2_12_x86_64.manylinux2010_x86_64.manylinux_2_17_x86_64.manylinux2014_x86_64.whl (282 kB)
     ━━━━━━━━━━━━━━━━━━━━━━━━━━━━━━━━━━━━━━━━ 282.1/282.1 kB 41.8 MB/s eta 0:00:00
Collecting pathtools
  Downloading pathtools-0.1.2.tar.gz (11 kB)
  Preparing metadata (setup.py) ... done
Collecting sentry-sdk>=1.0.0
  Downloading sentry_sdk-1.21.0-py2.py3-none-any.whl (199 kB)
     ━━━━━━━━━━━━━━━━━━━━━━━━━━━━━━━━━━━━━━━━ 199.5/199.5 kB 29.7 MB/s eta 0:00:00
Collecting docker-pycreds>=0.4.0
  Downloading docker_pycreds-0.4.0-py2.py3-none-any.whl (9.0 kB)
Collecting protobuf!=4.21.0,<5,>=3.19.0
  Downloading protobuf-4.22.3-cp37-abi3-manylinux2014_x86_64.whl (302 kB)
     ━━━━━━━━━━━━━━━━━━━━━━━━━━━━━━━━━━━━━━━━ 302.4/302.4 kB 35.9 MB/s eta 0:00:00
Requirement already satisfied: setuptools in /ocean/projects/cis230018p/rakash/rda-ngpt-env-v1/lib/python3.10/site-packages (from wandb) (66.0.0)
Collecting Click!=8.0.0,>=7.0
  Downloading click-8.1.3-py3-none-any.whl (96 kB)
     ━━━━━━━━━━━━━━━━━━━━━━━━━━━━━━━━━━━━━━━━ 96.6/96.6 kB 18.9 MB/s eta 0:00:00
Requirement already satisfied: requests<3,>=2.0.0 in /ocean/projects/cis230018p/rakash/rda-ngpt-env-v1/lib/python3.10/site-packages (from wandb) (2.29.0)
Collecting appdirs>=1.4.3
  Downloading appdirs-1.4.4-py2.py3-none-any.whl (9.6 kB)
Requirement already satisfied: six>=1.4.0 in /ocean/projects/cis230018p/rakash/rda-ngpt-env-v1/lib/python3.10/site-packages (from docker-pycreds>=0.4.0->wandb) (1.16.0)
Collecting gitdb<5,>=4.0.1
  Downloading gitdb-4.0.10-py3-none-any.whl (62 kB)
     ━━━━━━━━━━━━━━━━━━━━━━━━━━━━━━━━━━━━━━━━ 62.7/62.7 kB 11.6 MB/s eta 0:00:00
Requirement already satisfied: urllib3<1.27,>=1.21.1 in /ocean/projects/cis230018p/rakash/rda-ngpt-env-v1/lib/python3.10/site-packages (from requests<3,>=2.0.0->wandb) (1.26.15)
Requirement already satisfied: certifi>=2017.4.17 in /ocean/projects/cis230018p/rakash/rda-ngpt-env-v1/lib/python3.10/site-packages (from requests<3,>=2.0.0->wandb) (2022.12.7)
Requirement already satisfied: charset-normalizer<4,>=2 in /ocean/projects/cis230018p/rakash/rda-ngpt-env-v1/lib/python3.10/site-packages (from requests<3,>=2.0.0->wandb) (2.0.4)
Requirement already satisfied: idna<4,>=2.5 in /ocean/projects/cis230018p/rakash/rda-ngpt-env-v1/lib/python3.10/site-packages (from requests<3,>=2.0.0->wandb) (3.4)
Collecting smmap<6,>=3.0.1
  Downloading smmap-5.0.0-py3-none-any.whl (24 kB)
Building wheels for collected packages: pathtools
  Building wheel for pathtools (setup.py) ... done
  Created wheel for pathtools: filename=pathtools-0.1.2-py3-none-any.whl size=8791 sha256=f0aa37c3c9d55d7d1fe64cfcfc12be492e92209e1413ec4af8b1283a5d9da932
  Stored in directory: /jet/home/rakash/.cache/pip/wheels/e7/f3/22/152153d6eb222ee7a56ff8617d80ee5207207a8c00a7aab794
Successfully built pathtools
Installing collected packages: pathtools, appdirs, smmap, setproctitle, sentry-sdk, psutil, protobuf, docker-pycreds, Click, gitdb, GitPython, wandb
Successfully installed Click-8.1.3 GitPython-3.1.31 appdirs-1.4.4 docker-pycreds-0.4.0 gitdb-4.0.10 pathtools-0.1.2 protobuf-4.22.3 psutil-5.9.5 sentry-sdk-1.21.0 setproctitle-1.3.2 smmap-5.0.0 wandb-0.15.0
(/ocean/projects/cis230018p/rakash/rda-ngpt-env-v1) [rakash@bridges2-login013 ~]$ pip3 freeze | grep tiktok*
tiktoken==0.3.3
(/ocean/projects/cis230018p/rakash/rda-ngpt-env-v1) [rakash@bridges2-login013 ~]$ pip3 freeze | grep pytor*
(/ocean/projects/cis230018p/rakash/rda-ngpt-env-v1) [rakash@bridges2-login013 ~]$ pip install wandb
Requirement already satisfied: wandb in /ocean/projects/cis230018p/rakash/rda-ngpt-env-v1/lib/python3.10/site-packages (0.15.0)
Requirement already satisfied: psutil>=5.0.0 in /ocean/projects/cis230018p/rakash/rda-ngpt-env-v1/lib/python3.10/site-packages (from wandb) (5.9.5)
Requirement already satisfied: Click!=8.0.0,>=7.0 in /ocean/projects/cis230018p/rakash/rda-ngpt-env-v1/lib/python3.10/site-packages (from wandb) (8.1.3)
Requirement already satisfied: GitPython!=3.1.29,>=1.0.0 in /ocean/projects/cis230018p/rakash/rda-ngpt-env-v1/lib/python3.10/site-packages (from wandb) (3.1.31)
Requirement already satisfied: appdirs>=1.4.3 in /ocean/projects/cis230018p/rakash/rda-ngpt-env-v1/lib/python3.10/site-packages (from wandb) (1.4.4)
Requirement already satisfied: setuptools in /ocean/projects/cis230018p/rakash/rda-ngpt-env-v1/lib/python3.10/site-packages (from wandb) (66.0.0)
Requirement already satisfied: sentry-sdk>=1.0.0 in /ocean/projects/cis230018p/rakash/rda-ngpt-env-v1/lib/python3.10/site-packages (from wandb) (1.21.0)
Requirement already satisfied: PyYAML in /ocean/projects/cis230018p/rakash/rda-ngpt-env-v1/lib/python3.10/site-packages (from wandb) (6.0)
Requirement already satisfied: pathtools in /ocean/projects/cis230018p/rakash/rda-ngpt-env-v1/lib/python3.10/site-packages (from wandb) (0.1.2)
Requirement already satisfied: requests<3,>=2.0.0 in /ocean/projects/cis230018p/rakash/rda-ngpt-env-v1/lib/python3.10/site-packages (from wandb) (2.29.0)
Requirement already satisfied: docker-pycreds>=0.4.0 in /ocean/projects/cis230018p/rakash/rda-ngpt-env-v1/lib/python3.10/site-packages (from wandb) (0.4.0)
Requirement already satisfied: setproctitle in /ocean/projects/cis230018p/rakash/rda-ngpt-env-v1/lib/python3.10/site-packages (from wandb) (1.3.2)
Requirement already satisfied: protobuf!=4.21.0,<5,>=3.19.0 in /ocean/projects/cis230018p/rakash/rda-ngpt-env-v1/lib/python3.10/site-packages (from wandb) (4.22.3)
Requirement already satisfied: six>=1.4.0 in /ocean/projects/cis230018p/rakash/rda-ngpt-env-v1/lib/python3.10/site-packages (from docker-pycreds>=0.4.0->wandb) (1.16.0)
Requirement already satisfied: gitdb<5,>=4.0.1 in /ocean/projects/cis230018p/rakash/rda-ngpt-env-v1/lib/python3.10/site-packages (from GitPython!=3.1.29,>=1.0.0->wandb) (4.0.10)
Requirement already satisfied: charset-normalizer<4,>=2 in /ocean/projects/cis230018p/rakash/rda-ngpt-env-v1/lib/python3.10/site-packages (from requests<3,>=2.0.0->wandb) (2.0.4)
Requirement already satisfied: certifi>=2017.4.17 in /ocean/projects/cis230018p/rakash/rda-ngpt-env-v1/lib/python3.10/site-packages (from requests<3,>=2.0.0->wandb) (2022.12.7)
Requirement already satisfied: urllib3<1.27,>=1.21.1 in /ocean/projects/cis230018p/rakash/rda-ngpt-env-v1/lib/python3.10/site-packages (from requests<3,>=2.0.0->wandb) (1.26.15)
Requirement already satisfied: idna<4,>=2.5 in /ocean/projects/cis230018p/rakash/rda-ngpt-env-v1/lib/python3.10/site-packages (from requests<3,>=2.0.0->wandb) (3.4)
Requirement already satisfied: smmap<6,>=3.0.1 in /ocean/projects/cis230018p/rakash/rda-ngpt-env-v1/lib/python3.10/site-packages (from gitdb<5,>=4.0.1->GitPython!=3.1.29,>=1.0.0->wandb) (5.0.0)
(/ocean/projects/cis230018p/rakash/rda-ngpt-env-v1) [rakash@bridges2-login013 ~]$ pip3 freeze | grep wand*
wandb==0.15.0
(/ocean/projects/cis230018p/rakash/rda-ngpt-env-v1) [rakash@bridges2-login013 ~]$ pip install tqdm
Requirement already satisfied: tqdm in /ocean/projects/cis230018p/rakash/rda-ngpt-env-v1/lib/python3.10/site-packages (4.65.0)
(/ocean/projects/cis230018p/rakash/rda-ngpt-env-v1) [rakash@bridges2-login013 ~]$ pip3 freeze | grep tqd*
tqdm==4.65.0
(/ocean/projects/cis230018p/rakash/rda-ngpt-env-v1) [rakash@bridges2-login013 ~]$ 
(/ocean/projects/cis230018p/rakash/rda-ngpt-env-v1) [rakash@bridges2-login013 ~]$ 
(/ocean/projects/cis230018p/rakash/rda-ngpt-env-v1) [rakash@bridges2-login013 ~]$ ^C
(/ocean/projects/cis230018p/rakash/rda-ngpt-env-v1) [rakash@bridges2-login013 ~]$ ^C
(/ocean/projects/cis230018p/rakash/rda-ngpt-env-v1) [rakash@bridges2-login013 ~]$ ls
class-mar28-nv100
(/ocean/projects/cis230018p/rakash/rda-ngpt-env-v1) [rakash@bridges2-login013 ~]$ mkdir project
(/ocean/projects/cis230018p/rakash/rda-ngpt-env-v1) [rakash@bridges2-login013 ~]$ cd project/
(/ocean/projects/cis230018p/rakash/rda-ngpt-env-v1) [rakash@bridges2-login013 project]$ ls
(/ocean/projects/cis230018p/rakash/rda-ngpt-env-v1) [rakash@bridges2-login013 project]$ mkdir nano-gpt-git-v0
(/ocean/projects/cis230018p/rakash/rda-ngpt-env-v1) [rakash@bridges2-login013 project]$ cd nano-gpt-git-v0/
(/ocean/projects/cis230018p/rakash/rda-ngpt-env-v1) [rakash@bridges2-login013 nano-gpt-git-v0]$ git clone karpathy/nanoGPT
fatal: repository 'karpathy/nanoGPT' does not exist
(/ocean/projects/cis230018p/rakash/rda-ngpt-env-v1) [rakash@bridges2-login013 nano-gpt-git-v0]$ 
(/ocean/projects/cis230018p/rakash/rda-ngpt-env-v1) [rakash@bridges2-login013 nano-gpt-git-v0]$ client_loop: send disconnect: Broken pipe
(base) ➜  ~ 